<?xml version="1.0" encoding="UTF-8"?>
<coverage generated="1620504432473" clover="3.2.0">
  <project timestamp="1620504432474" name="All files">
    <metrics statements="16" coveredstatements="14" conditionals="0" coveredconditionals="0" methods="3" coveredmethods="3" elements="19" coveredelements="17" complexity="0" loc="16" ncloc="16" packages="1" files="1" classes="1"/>
    <file name="index.js" path="C:\Users\Damola\Desktop\Projects\CP+R\code-challenge\routes\api\v1\index.js">
      <metrics statements="16" coveredstatements="14" conditionals="0" coveredconditionals="0" methods="3" coveredmethods="3"/>
      <line num="1" count="1" type="stmt"/>
      <line num="2" count="1" type="stmt"/>
      <line num="3" count="1" type="stmt"/>
      <line num="4" count="1" type="stmt"/>
      <line num="6" count="1" type="stmt"/>
      <line num="7" count="1" type="stmt"/>
      <line num="9" count="1" type="stmt"/>
      <line num="10" count="1" type="stmt"/>
      <line num="11" count="1" type="stmt"/>
      <line num="13" count="0" type="stmt"/>
      <line num="17" count="1" type="stmt"/>
      <line num="18" count="3" type="stmt"/>
      <line num="19" count="3" type="stmt"/>
      <line num="21" count="3" type="stmt"/>
      <line num="23" count="0" type="stmt"/>
      <line num="27" count="1" type="stmt"/>
    </file>
  </project>
</coverage>
